<?xml version="1.0" encoding="UTF-8"?>
<!-- Generated by org.testng.reporters.JUnitReportReporter -->
<testsuite hostname="HienPT4-QA" failures="0" tests="3" name="webdriver.Topic_01_Check_Environment" time="0.132" errors="0" timestamp="21 Feb 2023 05:45:39 GMT" skipped="0">
  <testcase classname="webdriver.Topic_01_Check_Environment" name="TC_01_Url" time="0.023"/>
  <testcase classname="webdriver.Topic_01_Check_Environment" name="TC_02_Logo" time="0.074"/>
  <testcase classname="webdriver.Topic_01_Check_Environment" name="TC_03_Form" time="0.035"/>
</testsuite> <!-- webdriver.Topic_01_Check_Environment -->
