<?xml version="1.0" encoding="UTF-8"?>
<!-- Generated by org.testng.reporters.JUnitReportReporter -->
<testsuite hostname="HienPT4-QA" failures="0" tests="4" name="webdriver.Topic_03_Web_Browser" time="42.834" errors="0" timestamp="02 Mar 2023 04:41:15 GMT" skipped="0">
  <testcase classname="webdriver.Topic_03_Web_Browser" name="TC_04_getPageSource" time="8.210"/>
  <testcase classname="webdriver.Topic_03_Web_Browser" name="TC_01_VerifyUrl" time="10.920"/>
  <testcase classname="webdriver.Topic_03_Web_Browser" name="TC_02_VerifyTitle" time="8.173"/>
  <testcase classname="webdriver.Topic_03_Web_Browser" name="TC_03_NavigationFunction" time="15.531"/>
</testsuite> <!-- webdriver.Topic_03_Web_Browser -->
