<?xml version="1.0" encoding="UTF-8"?>
<!-- Generated by org.testng.reporters.JUnitReportReporter -->
<testsuite hostname="HienPT4-QA" failures="0" tests="4" name="webdriver.Topic_03_Web_Element" time="28.129" errors="0" timestamp="03 Mar 2023 09:55:15 GMT" skipped="0">
  <testcase classname="webdriver.Topic_03_Web_Element" name="emptyEmailPassword" time="6.076"/>
  <testcase classname="webdriver.Topic_03_Web_Element" name="passwordLessthan6char" time="7.004"/>
  <testcase classname="webdriver.Topic_03_Web_Element" name="incorrectEmailorPassword" time="8.293"/>
  <testcase classname="webdriver.Topic_03_Web_Element" name="invalidEmail" time="6.756"/>
</testsuite> <!-- webdriver.Topic_03_Web_Element -->
